541
5983 10
68601 88286 10734 43767 86527 50626 12029 10662 58448 63731
9208 12
34691 60684 23102 83127 68199 76851 91296 39015 497 99956 88985 28476
1403 12
60650 68456 10231 55951 80403 59518 74162 58077 42019 94238 40767 8000
8300 12
33813 54196 41532 62377 92704 73038 31408 60051 10836 51039 15770 9754
1489 10
16618 84676 96446 18780 68669 10960 6539 98757 40236 89091
8404 10
13529 44882 38866 96954 82120 37115 91728 36801 13368 58196
5088 11
71975 92961 16112 22085 17693 59896 71470 61135 50196 26890 1326
2898 13
4151 27128 3733 18833 39434 26924 15175 31889 73496 8979 69486 40590 96321
5317 10
64764 63086 22543 76391 82990 3624 8016 15637 64468 77394
7470 11
84931 30834 25892 47689 89688 60595 58776 24953 99819 97382 14340
1559 13
48838 83093 90715 51878 52328 13735 44809 57844 91615 49428 21448 94008 32310
5703 15
30657 56611 41624 31355 30932 51697 33563 67905 70605 72605 34491 12365 85854 58923 3364
3216 11
81216 74598 74588 70762 20333 21563 14944 79179 9436 72361 66583
8316 10
47223 57841 94677 71145 90133 15930 50564 35067 88459 16936
1984 10
41551 29613 12902 95766 33464 33105 92038 32744 60456 80178
8236 10
93640 52580 91595 6009 14396 68383 86977 71801 11569 29760
515 10
89148 14908 50616 14317 54890 73933 88571 6102 86261 50076
9103 10
40936 63709 94900 98080 49435 46179 51298 38012 12231 59467
2871 11
86546 39360 37772 65327 44343 1471 57373 23544 38002 48391 62737
2544 10
17663 58985 59519 68213 64936 49617 43933 61523 37345 33659
1630 10
4576 84827 44063 74771 30501 82512 36035 85785 20363 14764
526 14
87714 67485 29292 2504 33586 16110 98157 9200 69570 54307 62761 16735 33981 1491
3617 12
48872 74355 19089 84356 91049 65327 44752 69277 40209 23200 28124 96141
1549 11
52239 47431 78457 39536 92602 36648 5245 52007 61854 98461 25013
4154 13
2105 3619 50924 26091 32941 51548 816 66068 1117 59035 63752 35994 89968
3324 13
56075 98469 49851 27589 65658 16067 6316 77126 63905 63487 80630 23321 29258
4097 13
50909 43288 52444 81083 75174 75944 15629 68106 79743 58574 76441 35897 8825
4194 13
40861 16943 13128 73906 53815 56177 77193 66263 54420 21300 23520 7184 19288
3842 10
10751 59453 27533 56888 8859 78320 17500 74548 77934 12400
7456 10
5913 92438 46250 98979 91990 77273 22606 32780 29892 24663
8052 10
81519 99866 74660 65195 3217 19030 59355 97062 83116 36360
1800 12
62554 51532 24025 29997 39404 31341 97417 88329 62440 75484 37546 81760
6086 12
32128 54036 60980 23985 49256 6661 28780 62948 49150 36609 70427 18590
6902 11
87326 73429 89815 12745 2063 66272 43924 55892 71819 96365 97707
6612 17
61274 26840 51976 22393 3698 11996 90289 91424 64075 60509 63998 41036 56585 56700 21810 1584 53430
3027 11
93498 36246 62107 686 7709 94987 72139 30048 55443 26116 527
4251 12
46481 95377 16994 80130 15036 61616 80598 7613 49793 41937 60970 93029
3667 10
80618 67393 69139 13608 18478 41337 88836 62143 31002 84363
9460 13
2404 22338 72555 66906 87693 87181 10043 94677 3868 19632 60724 27752 43007
6289 10
24167 11857 93353 25275 67445 9609 80833 37646 757 63421
2240 10
49021 59757 32689 82465 4273 18780 38090 18272 26416 94801
5897 11
73997 68134 79355 42466 5335 8182 57497 49761 46241 92526 76659
6493 10
18975 82563 75107 88148 56683 17080 80393 92547 95151 24233
8469 12
44776 90160 39953 8638 78166 88438 24901 37793 75818 13441 22699 33410
2364 14
25067 7956 76841 39597 48163 76253 20065 8234 79560 70594 60885 7771 16137 80280
6754 12
48874 16462 73946 69574 57188 6136 64971 54195 47046 9716 60674 38055
6442 17
27191 71791 82710 38770 20785 83160 25017 11660 81761 36183 71284 73213 11172 69280 6299 52025 36383
1989 13
61260 79182 39893 85142 89037 24761 80644 60870 97175 51836 64154 53033 70849
2244 11
5901 81910 2579 41287 52907 67510 1072 86802 13962 64479 30155
8303 10
74081 75871 65494 15817 34574 86922 97887 38797 10372 99530
3636 10
94668 63062 9364 81316 14751 39915 72420 84031 95055 80483
1502 14
81262 96194 87922 73268 9693 12830 44371 13465 94611 99891 42274 65482 26116 29552
2743 12
26435 5732 89395 5936 36887 8141 21263 57184 31334 23235 27303 61905
8311 10
30623 42571 76001 90068 9299 11842 23730 96031 736 3780
71 11
70663 85486 74881 6349 48167 65594 39726 75600 62816 40430 75318
2552 11
58300 8695 56745 52282 682 53016 8988 93487 6884 33606 85285
270 12
97247 97589 33876 75116 83779 89072 20521 68709 95657 99707 53802 73124
3863 11
63139 94439 16172 90887 62399 79396 66112 99944 81534 4454 12835
241 12
38875 76148 31992 82814 97744 96547 62087 16760 1751 47744 21992 56842
7021 16
8126 69638 66024 19902 71524 34954 71094 39880 15673 84776 65056 14586 93967 58903 78444 86633
8281 10
76141 82420 99369 50357 55621 92288 5987 90123 37014 11149
34 15
89682 58167 34868 54026 6351 37051 88521 94768 27800 78776 66243 95869 22903 97750 83619
1296 11
80466 19174 88340 88752 28937 9005 26826 95303 84642 45191 95991
2225 11
64002 65521 44999 98304 12352 18592 95996 31065 84322 95170 59488
7865 10
1917 7734 34105 27154 49160 69241 72684 90794 42790 52290
2395 10
84645 65485 32028 55498 29566 48699 37167 56459 22713 78730
32 10
20014 93731 50751 34352 90270 97929 80734 41228 60474 38606
5357 16
30926 28226 86311 61566 49688 23666 61616 69433 2897 29070 41159 14299 88026 41964 15395 86499
6386 10
11094 19711 2109 49757 67054 59511 71764 17594 22813 9874
651 12
90403 3188 73341 47205 85449 46527 87609 63256 56654 20267 66517 42721
5571 15
33466 26993 65865 73654 13218 39285 12456 32815 89448 51775 27812 65286 82035 2066 30386
1097 10
74675 41182 19570 36934 17246 38974 67248 84461 76006 62296
608 11
33098 51100 2756 90112 6972 24148 59698 72032 29875 30618 5002
7662 10
27790 81018 94080 97709 47131 28245 53145 92383 93983 58105
4303 15
67719 37729 96212 31098 76647 29590 97744 47168 63926 15713 96622 26137 56952 44742 87206
6155 10
24398 69690 22876 17602 46859 74078 76335 32778 57471 18007
9461 15
16352 9925 87580 40413 8414 19856 78587 4073 40090 87140 63315 44422 35751 29586 1827
6891 12
45402 2323 88505 75143 56573 6461 9451 20928 43761 21649 9329 14699
924 10
27088 30692 63681 68117 59119 2009 9573 70719 32869 2345
6129 12
76567 10774 18743 21030 92605 85677 14224 43174 88971 65399 60913 95606
5355 10
70343 20823 54827 6853 66369 81779 89849 54332 32073 39771
4065 15
69141 69244 43537 90021 43277 18030 33951 16624 59940 44996 9496 6561 86029 50234 99292
7611 11
53390 47914 18521 77532 38709 31248 30601 72767 71784 11570 56217
4014 10
55607 96015 89780 45552 20704 36549 51144 18497 39304 62085
4384 10
26316 12157 35860 47841 11717 6157 94379 11648 15878 32519
8848 11
75239 24353 86294 52782 1925 23014 86770 15262 31345 36789 88061
2086 10
71240 64126 8855 22534 69080 50175 10082 77395 10909 21483
7696 12
36013 35737 44013 58088 69685 55498 1770 24208 29470 82197 43848 14408
1415 12
36581 60818 59570 86353 12331 77295 67311 89423 83073 35560 11057 18746
3559 10
5616 21422 76341 42400 6664 29299 75645 80983 71514 19531
1970 11
30317 80411 49785 13325 60718 92429 35806 71777 60864 22341 17137
1425 11
68541 41816 74273 90989 24556 55771 82434 44715 74693 71125 61665
4472 12
11639 22 68847 35070 77229 24982 44076 74212 96709 91501 6311 13360
2848 14
31963 69102 58578 43702 98293 94845 33192 77165 28308 28054 65442 74347 83820 50366
122 10
89613 22078 37843 98090 47800 78834 12344 70053 13385 55902
324 15
65996 52372 71708 97225 66211 77340 11697 65373 4785 10291 72771 92172 45972 49622 33810
7143 13
45165 61091 34953 71568 81037 20580 33208 90787 82181 55892 4712 46194 35678
6109 10
19931 1178 71786 93430 25854 12003 61318 39924 89884 30948
2151 15
61360 67340 12005 42867 32336 21836 57231 89199 94655 81858 90935 43102 18408 66458 27306
1044 14
60239 32697 36160 46398 51997 46663 35191 47616 94797 72992 14907 60159 2081 60633
2522 10
2737 21520 48114 57816 29387 54044 22330 46625 87932 92164
4116 14
9338 40454 52495 28986 19149 61807 43174 30546 67788 14922 36488 70766 41152 10414
8663 11
9850 6134 8726 17711 49876 38608 60655 43539 56195 97554 87246
7673 16
94213 41965 94684 79896 3346 86700 82362 52006 33619 6644 99132 85973 64448 68285 50561 63693
2863 10
58684 99870 11046 70638 855 51663 30562 95997 19056 72313
6645 11
6841 67775 98520 22571 55235 11090 68788 80150 5018 73926 82989
8109 13
66840 10811 75268 5407 34450 42969 31540 23360 52328 42782 59017 36052 52339
2105 11
46999 46413 63984 55190 32927 91108 51655 55036 70517 13553 92679
9463 13
43157 30440 69491 12448 71472 42681 77451 21219 20179 33674 29093 5247 4551
5358 11
55334 24363 24325 34864 88337 54763 94076 51824 47236 14281 48627
8122 10
93479 98957 6121 22757 55650 93036 99042 62802 53274 70857
111 14
70445 1692 38153 55457 20320 15253 61427 1559 40466 79430 45472 8792 78382 97759
4522 11
21060 96683 99785 64756 89377 27670 45734 94236 26432 37633 20847
8260 13
8391 43255 81941 63560 47005 35133 92119 2337 83122 75316 3518 59725 87805
7025 11
10805 52644 5509 19809 18708 19506 81812 76817 98482 33186 52788
7260 10
88076 72479 67454 44236 64404 79268 28791 37186 28277 62922
2264 10
16590 37503 72784 41707 38533 94828 49431 14017 30429 50153
9368 15
67656 25003 52306 6710 31484 84092 198 96881 52200 65338 50940 73662 1751 26343 35333
335 12
47002 51965 37895 80480 93125 67888 94501 37203 76675 29236 14122 96982
320 10
33873 2459 39993 49966 38859 12364 17918 76245 41305 338
3568 16
57089 38570 66803 1417 31134 3120 9324 37582 34112 5430 88971 38169 20511 15600 40438 99956
7160 10
22351 52041 10599 98560 34259 2966 77358 23802 47715 98047
1345 10
52360 31986 88362 82341 91428 59885 42322 94509 23559 51800
9783 16
93885 99054 49852 32306 41426 22658 59326 39361 58707 17646 99879 60789 72661 87201 31438 69770
8795 18
47816 36151 89427 30617 31898 51607 7588 75616 72714 7515 35653 81608 33606 24629 34827 20115 11887 19282
8323 13
28574 96831 92361 96222 28967 9934 42743 35500 7874 53470 59264 37903 7632
2955 14
80141 63230 32015 88160 6516 23994 33459 55897 53844 56846 82628 67929 45602 56386
3862 10
15225 16396 92766 74736 68792 13943 71775 49033 44330 17058
9096 12
22767 38478 95825 41134 37455 83646 37806 56082 30748 85824 91376 35543
2801 14
10852 97875 90892 60678 83734 52525 40584 36123 61112 7876 54166 25769 7739 37245
1527 11
69907 35749 87633 69549 57432 77085 61821 56456 77534 27382 78014
9336 15
31985 4034 50935 14610 18601 7095 66404 89465 76358 77454 95682 18473 70375 98817 69072
4273 12
67891 50238 19273 75342 13573 9899 7493 42295 67823 55802 25865 73157
7555 11
80645 59433 9913 34991 98853 49271 33388 28735 93960 62262 31057
8016 14
54978 38343 44300 24510 52708 60319 6215 6537 19324 3835 29307 51612 36586 95991
1504 19
89495 53279 27272 73289 60114 6788 33029 48312 55493 5201 87612 81801 76629 36228 10783 25159 95023 12996 39026
7422 11
4558 10471 70949 91533 61478 38539 44116 83752 39109 17949 48469
8657 10
14330 413 68039 54973 4513 63005 47553 34330 31294 2549
7450 10
22218 97960 33548 3796 23131 87177 91580 42922 15695 78642
2721 10
7218 91923 85313 76938 20963 6677 62891 34744 58561 51831
9794 13
52857 3161 91063 68199 65160 38027 94869 63149 90720 30494 99367 34550 99486
6529 11
89299 76650 30945 40731 82118 18104 58745 18120 99057 86200 77669
8129 11
62293 63713 34904 2959 72455 15553 70005 29696 49453 74479 39681
8730 15
29795 80550 99517 75695 78006 28565 99587 70577 95584 63838 97591 3066 38448 54180 17254
897 16
3370 19537 89915 44446 35768 30177 90241 31964 62212 6362 43187 92813 64407 13632 85252 71146
7430 13
94989 11795 75144 10988 20307 42915 67476 60895 83401 36456 41462 98391 69945
7974 13
59320 26314 27448 26355 45484 36882 71379 76647 20571 74034 46166 46572 88310
1583 12
51661 3175 71362 55081 83788 70635 83539 61582 50676 11536 35160 41484
7677 12
22675 34890 33828 89668 68984 71593 93512 10181 4266 69492 14827 89548
7468 12
37412 6968 82111 71658 85876 33073 68262 26244 44624 96293 13598 67830
5321 10
43115 47769 16748 57305 29741 98558 41430 72665 30320 29339
6107 11
54788 57899 35692 40983 57147 75760 80204 7771 78660 23954 63158
6198 10
10970 87273 66502 17880 80042 21948 76978 27559 39064 40249
79 13
5547 40712 75224 20294 15601 95827 81522 68010 9743 3069 34003 17409 92238
2504 16
449 22770 34013 53082 33155 70525 86931 83227 56410 7223 95592 370 67989 48916 58878 24035
8098 12
20487 52912 86941 35499 83543 6241 32178 78523 48510 45918 7982 98316
4100 12
51164 35103 29972 61020 73240 18669 80240 68742 18176 44205 87147 74854
8249 12
37418 47985 91503 28731 96403 92133 13897 65543 38780 57437 34308 3773
7148 15
32426 49863 8543 13913 3013 52707 4474 15901 43448 71203 71260 48396 50825 51731 52590
3171 10
35458 61272 87551 99221 27198 73147 86159 16851 82494 6509
3730 10
53438 71144 68549 12766 87049 77932 40837 86078 69943 54628
9956 13
34601 84525 73679 97509 38387 83481 46911 26478 32066 882 86895 39065 51185
5999 14
96427 11566 50054 21000 10128 59137 70701 33623 41739 75402 42056 89070 75664 69509
6585 12
69992 96872 98000 3145 99268 95885 94505 95266 74371 47115 23031 76539
3065 15
27791 36925 88681 46943 57679 61023 9538 13897 57157 57986 78668 54699 72236 18806 67243
1873 13
92516 81407 29783 83314 96876 14302 21409 91002 34416 83188 75354 89584 87217
4645 12
23371 14428 95329 63969 87740 35526 98861 8274 43472 4785 81895 29448
3586 13
57227 71835 69041 69328 44102 40780 7837 5869 43105 15365 86665 74127 66498
2006 13
94498 96323 16873 36998 3964 20664 88446 79411 27157 42790 96719 75657 42447
3399 16
28034 35814 10465 74295 82928 40973 31740 64165 36676 37944 48438 35323 19469 22569 61191 76703
3529 10
92291 71227 75927 1810 25057 36293 3068 80431 31928 65857
53 11
19871 45897 2478 60488 1061 70968 67042 56156 61098 42293 27198
8644 15
35464 89846 73627 76680 22724 51062 68386 89898 23452 34877 87213 26767 53074 34444 30861
1172 10
5986 4972 25746 53813 53936 39355 43743 73560 5600 73063
5560 11
37206 15895 71713 21002 65131 55880 25770 38922 28939 87845 43097
5306 10
24968 39121 8506 97451 13851 93841 88009 83 18399 56260
266 10
79088 9028 7361 71792 31348 75928 66318 56629 63796 38301
6022 12
62836 48154 65865 63866 42681 80826 8886 78748 43107 80640 42876 97503
7098 11
90624 95965 70642 92652 7070 13858 89075 72707 18441 81733 33795
9889 13
17833 75653 75279 33093 70722 99860 28851 32305 47077 39701 71030 55108 29752
1875 10
55570 35936 32098 93581 2866 6913 30913 65010 41170 16928
4403 10
91242 69617 26202 82909 73935 36366 61037 27168 66823 21181
5610 11
15832 75544 57908 44368 78589 46588 10901 48844 88594 93425 18939
4030 11
79414 56908 82056 86330 77577 16822 79646 40679 29839 91076 75412
3124 14
99244 31431 99456 1683 57835 79809 42065 11593 4303 89360 88888 45851 24803 7441
9539 11
76444 97687 23735 90511 5934 95592 39478 68272 80354 30045 48293
8773 11
75291 17779 56192 85276 13380 57468 89908 36647 40334 5104 33557
693 16
30884 79029 18233 77061 24973 66704 34392 35676 66038 32671 38587 84908 98204 39490 52967 70660
9102 14
49370 51939 22801 63869 65295 77538 60543 42713 72783 13816 50651 12184 82064 52292
6537 10
47626 33790 17495 34347 49660 16189 31147 89357 93851 62561
5630 14
15318 9807 76596 69505 32621 41158 71499 81208 42676 3638 20951 41045 14840 6924
3791 15
91840 59721 80437 86576 9819 97158 23402 52820 34366 90794 84014 61984 24097 40088 31939
257 12
40565 7848 48541 46943 30468 23752 43841 35009 50651 88115 10011 47090
3982 13
71618 71994 60668 4882 48021 16914 97324 64798 43632 88583 1419 52982 38113
4496 12
65932 51627 92646 61278 53580 54582 15628 93963 95947 86869 2210 94856
8283 17
21288 75797 34666 69572 52552 81890 94482 96375 29584 93762 84177 91275 77395 778 93624 75951 13885
7351 17
54109 67279 72240 58439 61674 34023 72391 40042 38075 13311 36168 23973 22850 14182 3102 96421 28531
6246 11
68475 47975 35090 12292 28024 77570 33834 9343 52410 72842 49176
3743 14
93676 84236 9808 16452 49907 925 63196 52205 17912 31752 47482 22860 17004 37785
3957 14
58342 59251 31778 35096 69539 94704 57425 80855 51174 66732 51680 62852 47833 7543
5896 13
35109 50877 1633 60851 25352 6549 53833 25822 96973 42871 5847 91507 88504
4614 13
4248 59414 38614 92694 6797 80231 11040 96201 44479 89416 90052 32798 76366
1249 10
87288 43004 81969 60004 14370 24923 13016 70255 10207 76800
2810 14
36956 88796 45996 89705 31727 96518 6405 87619 20616 97101 51528 19061 19048 22565
6676 11
12465 69006 88551 19224 26075 67199 32079 65973 95455 92198 90738
3921 17
46074 76490 43430 60181 45079 1420 43480 61771 15053 14659 63852 89556 89729 54401 86890 85820 74507
5996 12
82015 17702 68575 53352 89268 79553 41087 71949 57764 43453 73667 76764
7127 12
51630 98446 76354 26447 34492 46680 4841 42316 68647 42231 1527 78888
4451 15
76468 73767 90999 35019 24661 9740 73365 82748 90828 68683 79238 44298 27989 86801 18960
1589 10
21865 87699 50456 51598 86999 30000 82106 61124 18483 58925
3698 11
91786 32312 3504 64709 18098 68347 32386 8503 82055 29770 24081
925 10
21489 81649 62837 54049 49873 54010 8095 10542 81081 67473
4330 11
96715 71274 72368 96206 60050 2290 80442 97836 87042 6287 52496
6673 10
73418 34572 76296 23796 50888 65766 30070 51168 42973 54187
8505 19
51950 91543 75626 82264 70781 63958 99498 40259 80284 10869 86182 35399 62215 4848 44883 68405 68816 53693 64527
7665 10
70000 13592 40039 35285 12272 10488 10982 93412 88299 1046
4681 19
76932 13242 5920 8956 9211 26436 20058 74041 72529 50545 83177 35887 36866 25106 55202 81294 42506 88926 74710
7360 10
11512 42389 3876 26904 50678 48561 23450 99682 33085 93449
1948 16
51547 21221 44912 85158 90682 44627 62011 21302 39560 47299 87494 27621 80843 99273 14595 55184
9927 12
15046 62049 62499 74206 79480 25242 30544 6861 6495 87095 75180 79254
9110 11
99103 78629 8444 67737 54757 93603 90052 34898 4345 84142 27498
3947 12
46971 40480 18930 29341 50385 92530 6863 12650 55870 97418 70178 21316
3190 11
77446 22820 44637 87931 69330 89532 58233 81909 66225 92758 34229
716 14
54352 62225 33985 33336 20469 60691 95300 68385 64689 93378 35637 95611 42009 29648
3832 10
35265 16635 80438 95860 53771 2762 26449 17609 61208 87407
9302 18
44023 23442 31657 39129 22657 15916 24685 46052 20060 6648 16179 8397 83431 85456 43289 85673 38601 35617
7777 16
28038 79701 14376 26636 93426 20705 59567 408 57641 90702 91120 58955 47567 64101 91346 36507
3129 12
17512 30920 90576 97328 80444 48444 43185 12663 89159 1713 18267 82080
5151 14
64637 56578 21004 31472 50095 83562 17298 49904 83103 11036 22371 90489 35564 17021
1242 11
85545 28886 42657 5539 99230 53081 96317 40793 87838 25199 52979
4084 12
43610 22613 28414 80992 63578 68634 684 28011 7800 37389 41848 47224
8193 10
66450 25115 16017 1852 37120 43582 41233 55811 5237 62098
2049 17
8173 58646 3273 98753 8094 35266 22890 32306 13156 49714 9086 60204 13521 75571 79668 8782 20983
3463 13
27267 93133 30102 56875 21757 50767 26861 61060 46708 31695 4164 24529 49433
5918 11
94782 92538 74460 17453 6862 84977 33117 50371 20161 69940 62589
9615 16
57731 99655 70505 50480 17421 4207 94481 307 99723 47874 36067 17578 65240 10809 34921 15442
8286 14
15885 33750 26781 49820 59093 51675 7768 66997 30886 58074 18323 92806 97496 51440
3538 10
86349 82409 38280 6573 54143 33639 73356 69699 47103 4048
35 10
23008 39949 14697 17816 52920 38402 34846 16035 45746 7718
2732 14
98643 96872 34513 60437 17453 48868 58308 55683 61549 12612 45352 30026 16158 32601
2233 15
48851 98684 10891 40443 52084 23838 61160 66997 72735 7800 23356 18383 24448 18621 24127
9462 10
68769 56908 45433 89891 59697 79665 28848 72503 15540 60482
2510 13
36151 20151 88952 51299 410 90510 94567 68356 58544 39652 58393 19813 70989
8500 13
4195 50246 34663 49449 50552 66287 72094 75993 78172 38208 66517 68598 23353
5810 13
78145 7993 28584 21603 78493 86804 63360 61998 92677 51085 74309 74884 81225
8201 11
23553 1598 79656 29615 82777 84824 25094 29080 72486 97013 52339
2483 15
62574 15429 71582 85760 46367 83430 31744 90171 5665 97582 59426 38241 77716 90461 18326
1981 10
78585 65231 95647 79223 39119 18454 1697 87601 1442 66225
25 13
69060 16523 31263 8959 97951 14449 79583 60620 87786 28562 5898 26816 87370
2778 16
53630 5212 64301 10732 12271 6688 13424 95289 7237 11107 75312 92159 5981 61039 95839 66600
2674 12
20642 46453 96475 75515 81955 35773 1760 10400 93114 14283 73280 1459
6735 11
88265 78585 17009 82176 11399 25903 24061 43827 47102 84706 4181
8174 17
61041 77403 52739 13926 1372 609 96761 70808 86736 17294 21511 28054 25361 89563 70524 16501 31207
8461 11
64998 27088 87685 97469 59767 80504 74822 98380 4463 10078 63359
2408 16
10316 30644 62915 39388 92567 98443 72354 17126 1441 59770 52346 42614 77156 87852 95519 29820
3472 12
98875 95870 15701 28175 54738 92424 3501 35120 587 59977 1105 99557
8420 11
35923 19619 54571 10560 18774 24685 72041 1594 59372 48734 80426
3914 10
96649 82099 7014 72910 45795 1176 57159 23332 90764 28157
6057 10
16604 23430 30803 82939 98002 72172 92341 63838 58911 67348
7337 11
54175 16969 25456 20821 74817 15734 91868 60899 55200 75684 85797
2427 10
2173 42610 20418 28599 69666 93108 43798 20810 90369 88118
6850 11
99700 50099 35459 52749 97265 87286 88496 64835 57428 79264 80685
5547 12
3379 49370 50578 77720 71951 9153 79694 89992 77659 83536 5500 35887
6110 14
79545 55307 84058 81349 80642 11268 12973 32672 28898 71771 46360 71762 14087 18243
3112 12
73291 43657 28722 88931 31194 91109 86053 88333 34679 14404 45668 85324
1464 11
10968 70201 32197 31005 90673 6964 33607 61212 23162 32384 40376
4618 17
5242 12430 78103 62124 78319 44069 49356 18713 73190 39285 56330 63734 86718 97876 74901 99623 95468
9379 10
45402 37554 12990 19949 38219 87830 62583 81871 14603 35578
1840 11
21464 63096 18197 67353 54509 77428 40971 96291 61037 31430 42465
8392 15
69215 80643 41824 29951 42060 20066 99981 6519 28228 96946 32513 95714 96203 2231 36885
409 13
26805 36882 99395 87723 82107 65018 79345 31517 86246 19430 4815 4113 62239
1269 13
88351 83339 43551 83487 16327 69219 42034 65460 21019 84144 65737 31493 7718
6197 11
25916 60903 442 16441 25315 6879 63095 19843 16497 4942 25777
6212 13
62838 10024 84445 15924 35388 35386 29498 14766 52625 28692 96981 11374 5696
2089 12
54279 70459 50096 89998 80168 90061 79692 35134 65452 41311 90595 57289
1085 16
63683 27081 21633 88890 77679 53453 18908 98300 11454 84303 95588 80169 61092 54841 65959 62317
404 10
70148 66309 47775 73811 1393 70370 71675 80322 27476 40777
3467 11
28997 56363 90590 36992 89685 4713 48225 35798 78552 8128 7214
2816 15
10524 22929 45160 73720 28229 14992 98923 81484 55708 1099 43990 89434 48063 89651 38634
7329 16
36041 6974 33372 40915 10995 67948 44482 49621 54767 12897 22373 4662 7340 77390 65062 52917
4398 16
29918 91995 59630 92429 75088 79383 6175 65777 59341 72267 1839 29501 58223 37258 81038 68863
6605 11
36971 75986 35757 26103 28095 51053 29446 50051 42447 82721 53396
2498 11
73749 54906 69814 28708 39865 12077 8341 30044 32625 43346 12727
344 10
75426 48368 2071 59833 62853 55601 79348 57113 92172 57134
7183 13
91032 67186 1886 83734 98760 60535 40491 10580 82335 35061 95540 47342 80448
6792 14
29429 7163 18607 71996 28459 74662 5277 3160 52189 2690 37289 56258 60785 17248
8213 11
36249 71608 293 11223 64817 23557 41244 29363 26849 69127 81148
6662 14
33638 44556 64323 46197 22401 2576 53378 67410 59662 77505 11990 95718 63706 65002
3078 12
5212 71149 40235 51436 83954 17749 94732 42488 29391 38367 32264 62238
9146 10
3122 72429 39507 22583 41164 67219 89996 85927 98259 16783
3960 11
96774 95616 49862 72800 56480 4122 28723 18219 53946 87002 26736
2020 10
37139 33626 27597 27424 57212 83717 48808 88764 3751 8142
6001 17
73661 21401 15542 9506 95049 18285 2465 51208 16340 23407 79879 79986 93593 50160 49955 68073 44179
3977 11
28302 14942 7361 17608 75830 70185 45953 41424 34405 31487 66174
1174 12
78711 44250 27155 88987 17495 54530 50696 66261 79569 63624 34068 20681
9693 11
75242 84235 16326 56800 93361 58719 8208 94679 33457 92093 92901
7056 14
82737 50333 87270 31978 35195 59871 13906 26790 34265 98579 34090 44962 21399 11513
3963 14
2032 40951 9198 77271 14372 46136 44899 40175 5135 8815 85557 84695 86171 38634
1089 10
81466 96911 50872 7888 61844 95031 35424 59298 53020 44319
1413 12
59339 81681 25132 1026 33618 82723 23158 83539 84823 71655 53368 91577
3767 12
93034 1089 40631 78158 48637 85214 34176 32577 88197 30125 81517 63332
5659 10
9670 732 38184 90870 15089 30775 65543 45959 2210 46292
3444 14
37457 44469 82303 48528 58910 28590 68979 36044 41648 69317 39250 98937 17112 80839
9573 11
44169 73438 79675 59834 45212 2480 23543 45598 69101 4039 50136
2350 12
44605 18392 73379 70 79745 92186 31049 20453 60978 36697 36280 19798
4696 11
12829 54663 77041 34933 88240 99763 83870 22119 71248 13021 51178
5544 12
33973 38747 92221 19464 74524 85375 6940 24627 43464 930 5070 27395
6830 12
72561 14016 32399 71662 32837 54113 30528 85319 25155 41918 7267 64853
7156 12
71500 23006 80928 14685 81622 20055 46549 50631 32090 22914 59219 33237
3164 12
49782 32687 69313 7633 66562 61670 72596 31190 67484 77109 31033 97316
5827 11
42369 44565 81245 55455 29588 63711 13929 89434 3568 39552 45803
529 14
56514 24716 66202 59052 1939 3720 38678 33310 49374 40372 37699 99252 48579 43552
8267 14
70464 4126 89131 86889 39956 53145 27492 2337 3538 5380 21054 69202 58405 16030
559 13
7190 36910 70353 45994 87584 3448 50412 84609 19849 9269 56575 5788 47217
3418 15
19757 8222 92780 21134 78891 98243 4314 39322 12207 65342 67750 37794 96870 28143 48325
3553 10
50288 34662 85269 64438 77845 10148 5665 17902 18201 56077
1500 15
65605 28932 42562 91043 14209 43054 82465 8147 19342 14421 68817 88956 9293 40574 75446
567 14
53737 32849 79659 84295 96370 45883 66657 48507 83 52586 97810 30675 17944 34923
1062 11
36696 11025 46832 29627 61726 12491 37161 22742 4562 84559 50429
8255 12
49042 94380 7886 26522 2022 2880 35282 77426 52136 79527 98629 19779
3202 13
40153 53811 77943 85328 40329 14449 78302 9868 62991 91975 34677 33477 22439
7956 16
23650 83790 34990 86621 25103 2365 19498 11082 59305 43098 99270 76310 39793 8361 89710 91358
8816 14
72015 24328 79485 94433 62184 30436 62112 11599 22631 43595 9813 63117 36323 83538
9981 12
45675 85950 11285 50667 98998 87829 57431 77470 50305 25940 56954 33265
1040 13
77835 35980 9886 47064 18575 68339 95245 26937 48977 62478 49837 5607 39450
8566 13
89643 34428 10681 73706 16384 42400 87134 12143 26888 69112 28678 37588 10821
1982 15
91896 78579 25876 81338 29932 84818 87622 12602 361 96759 31774 52438 32294 94342 16936
983 14
8149 74032 46586 80601 22963 94891 23431 63719 42650 21861 44155 13684 33694 1403
345 11
57540 65882 46463 34580 56579 29004 38554 441 74941 73629 58127
7791 18
23942 27113 54133 35109 83007 41427 75810 87331 49959 81321 87958 48237 26638 84014 32187 91641 81874 93181
3148 15
36813 23400 48541 32967 20102 41864 87563 95340 21022 69943 87166 23660 47631 71769 63389
4448 13
59581 52993 62840 43242 53593 34373 64484 78641 54427 78168 27649 39794 39713
5377 11
23278 56466 62537 7234 18743 71575 2470 70556 82243 37905 86976
2692 14
78992 97882 47438 9342 11682 88163 34914 16870 61633 22688 64489 2580 46397 36999
5156 11
2718 32131 71747 62996 60653 49531 52173 14426 93074 90351 92323
3199 13
31616 50556 39943 55105 30461 52228 88395 11593 2875 68187 34905 98845 47618
7239 13
43868 11285 10828 16266 37665 42917 34409 4490 24158 27211 41245 49840 95751
6330 15
52309 5890 27328 80921 78765 16610 58730 10959 27979 28898 2361 30262 5528 73012 95250
8393 14
98670 89010 32617 92770 86519 60975 89016 73263 8067 2645 73093 26685 59992 18672
7680 11
14752 73380 94503 35306 15686 6404 86250 27058 26779 17944 20000
2976 11
91557 57087 71809 78019 67248 96358 90825 69552 74210 92701 38303
8412 13
96599 69818 88384 65076 3224 74206 47400 71832 38169 48935 75065 3302 63364
9108 14
67184 69876 97664 3767 2947 44442 42463 87785 10878 5784 14044 85237 45545 21047
1953 11
53590 97157 32866 47391 45512 86816 34325 73710 26951 7270 64429
9372 11
69810 64720 68115 42272 16754 64450 67026 12755 41432 60590 28383
382 11
25096 57816 6238 86427 34071 82098 32577 21732 16686 18752 55478
6346 11
67514 84554 86457 10844 33365 53784 80243 30385 31839 86061 39747
8655 11
38677 52521 22081 57940 16871 8232 7054 39584 73366 91941 66431
5798 13
93871 42982 96481 41195 16994 23591 99945 81411 44434 48048 5857 58620 17308
9193 12
57728 66708 53114 21708 1468 71885 75042 62307 73559 29690 66783 85506
678 12
85487 33440 94664 84236 17194 47386 14878 8939 68211 31520 36725 47622
8490 14
12447 70466 48919 72199 50163 75442 52199 82276 6067 6575 74268 5462 1738 11887
4026 12
398 11163 57601 9852 15377 8548 94401 77408 79079 25243 86359 97985
9678 11
25996 8436 83186 89204 48712 62299 61798 41159 7459 84969 345
5244 13
12252 71092 18706 85995 66401 27277 73433 21179 77642 72032 72051 11906 26379
2073 11
34539 5667 61764 8489 7487 28485 48868 8624 60820 76573 79749
2670 11
36386 20137 97775 88535 82671 85795 87329 89242 39426 61752 69200
5783 14
72 38816 73444 37531 23504 91664 41979 3354 92141 37932 47717 17078 68797 59802
2286 10
28324 67637 97300 77774 90105 34977 36406 44449 51610 16365
7258 16
13832 49014 66786 79746 58199 73383 53365 66192 77350 83588 79404 9938 80630 33015 60285 51793
4001 16
13030 21650 77141 90042 65591 79390 31140 8528 97667 51954 19280 81051 13888 89416 29890 45852
3290 18
23482 82662 9508 90740 18661 76 33484 84907 81172 43961 93512 17413 10959 14447 28385 91742 3676 79759
2114 15
83510 97640 88984 14910 50480 55529 12604 49784 80922 86476 73809 16998 46622 61073 40958
2569 11
96346 58602 1433 92608 22442 4156 21041 59744 472 42661 23467
8118 11
62466 88348 76967 89407 16043 96778 17889 25701 82146 83065 80724
7767 14
24227 25806 36340 15879 50653 82714 5580 89849 30572 78662 3455 32219 78904 70604
7890 12
82199 59289 34534 43458 88428 62095 37912 24317 98796 98320 33870 30387
1312 15
16507 18935 80561 30730 99615 15350 93741 2571 7271 43599 69652 9898 66243 98272 21877
8793 13
81521 67518 73535 80599 14752 40743 20512 52159 58865 64717 84170 56029 72313
7305 11
23444 89141 17735 27769 569 31000 71052 41276 95997 16103 80227
6915 11
65488 39955 36036 74797 94434 5398 42644 29988 85197 71522 85422
5299 11
54506 93645 98286 55542 50784 30447 86125 60588 79448 26872 24657
7249 15
51352 78482 40504 35848 8871 34980 88837 58425 15724 43385 87445 20798 55577 32921 41763
2908 11
20969 46658 56188 41295 34005 59140 84953 82047 50659 56549 9530
1952 14
12985 71355 91043 43701 57365 31511 33240 63474 61733 90973 42604 80224 96773 41925
1448 14
89811 53233 91418 45379 95566 14370 97191 46160 88725 92889 88507 45990 61385 52876
5104 10
61992 89429 26058 78500 15796 37333 88839 83748 75484 64858
364 11
99550 3756 47713 91980 85369 1179 98656 98916 74342 70270 89226
6138 10
10079 16377 33433 45167 84278 23434 41058 4393 50468 20091
4884 10
77238 55045 38460 97829 26790 12499 65210 3080 55133 9434
745 11
82333 69279 53782 97661 90802 31878 34794 2707 49334 29344 71535
8077 10
18322 90338 73438 49099 550 30705 64675 37071 47031 60222
9475 15
53878 43615 50972 49120 96652 50103 64467 31689 87024 68186 1953 47905 5762 77450 4385
8673 17
36169 19193 30594 85016 49726 41820 26241 65759 2635 55372 39802 42713 49139 5764 66372 55022 90983
9198 10
2800 59003 74088 56094 80334 68760 78078 63255 98340 70340
8606 14
35088 4860 7285 45505 23292 4646 27312 3733 2235 34083 62608 8163 97013 86372
3871 16
93037 83757 34264 38562 67022 52692 98821 67314 93465 36057 6198 86380 2283 60672 29774 68647
4406 17
95558 13387 35493 34718 92020 52839 85131 79146 58691 27419 83932 75602 93480 19981 98381 56138 95250
1682 11
95196 21978 71806 3620 15285 53116 78983 30759 64179 4814 67791
4953 10
35799 67874 19361 32134 34441 55370 850 94086 29864 28393
6202 14
35878 47571 3489 73534 70036 69527 37978 87037 92835 18657 81666 32439 26051 88430
2515 10
50821 62625 78082 90178 21342 54834 72239 69729 28199 97474
172 10
9363 30433 78037 27524 31032 70045 42999 59860 94827 40484
2359 15
9508 55889 14067 60259 78319 30503 98686 63497 83803 19053 20678 28632 12451 52615 85810
7515 11
32060 77803 32430 61005 13034 63763 1370 35357 5656 85042 27885
6794 11
58079 64947 20271 22895 94962 60555 13622 61900 3069 23957 60680
3318 13
76786 43084 69979 1598 61006 58059 15194 32281 86023 94732 45513 22250 80271
7159 18
78410 34573 84649 92431 89347 1623 72887 39578 7829 53138 130 79578 18427 99647 66644 38087 4463 84160
4914 11
156 72650 78860 51134 26633 98086 53581 16410 65108 89836 64661
6188 15
83244 1470 63904 6076 21435 22434 82998 53838 45607 37085 40909 31166 35967 81763 98498
5275 11
20378 9625 20814 86193 25720 84575 75607 70236 55123 10279 31676
1582 15
30935 61993 17924 14923 39748 54021 84754 12345 65021 38920 259 51829 74083 54454 76206
1752 20
34219 14251 226 97137 83265 63175 32922 3970 30714 50923 66285 6294 67044 88425 14089 78980 40002 3907 56345 70743
5289 10
47566 24795 62287 54067 66836 37565 74067 88023 52704 56230
6078 11
77277 6101 25439 46423 58818 74191 51350 57182 73020 88396 14322
672 10
64764 28266 97881 77869 1186 75845 19788 14983 26742 88872
4737 14
98118 14187 21135 7423 74781 5932 71699 76690 83117 61044 85147 69483 13887 50866
8162 12
87190 65052 6101 39152 99981 91420 9251 86429 17698 15520 33709 1049
3316 11
71855 5113 7725 32016 87574 52749 95620 68023 78630 75904 8319
459 12
9883 86984 92648 10533 17326 56045 1687 71228 90313 81327 46764 63469
2581 11
96599 41380 32320 95678 180 80788 52855 43227 10291 9738 56972
490 12
88188 10519 60348 30696 39605 5411 97000 44257 737 53040 24207 104
7564 15
55770 80755 82152 41308 16994 20135 37631 31824 37330 17103 1101 13484 80929 15735 50779
1771 18
46295 78328 11951 47898 6637 96817 2411 9148 73579 95955 80587 59283 51819 98109 6126 66674 51469 93029
6060 10
96346 93867 58658 33014 38156 82043 44028 9960 86675 2388
3194 14
83891 71611 48668 20979 79918 4095 67871 73420 18218 12605 42052 87799 76102 87381
1883 18
54108 67858 93686 55701 8527 46341 87448 93831 57105 53033 43476 34850 35036 87919 18921 97496 12144 41480
5386 11
87326 18316 42897 50928 46440 65754 13760 65753 47129 43464 4963
9482 10
15488 24971 22331 86026 3452 18846 57440 10665 6965 17836
5097 15
99934 78906 44628 77137 61972 71511 79915 1141 93115 96530 22486 60295 20396 95489 68596
5397 17
53613 46379 25888 53554 78555 3816 98963 53189 54150 71639 27789 5699 77282 94475 90129 15078 73351
6665 15
94640 35658 78328 60207 88816 50515 21582 31325 96148 67942 14148 49364 20270 15422 90309
3987 14
74591 1696 78045 9082 95453 67400 22648 83090 10272 86824 75163 84063 43217 70107
5795 11
84700 28082 57320 3375 64864 79444 89369 11335 15703 62796 85219
3256 10
81963 78985 18521 87011 15906 21687 40079 74396 35741 28564
4284 18
20698 72299 37144 79590 23103 39219 74488 33387 94524 79501 99442 4492 84059 55489 91306 76024 95026 40266
6250 11
42263 77964 86311 68517 83285 22583 35907 93367 66498 79149 3338
841 10
66305 31571 28705 43844 31266 51738 87231 81413 51795 87310
9761 12
91084 54689 97918 87866 97684 74259 34675 28058 91986 61586 3750 55044
3874 14
47125 92240 87298 59828 97508 99161 1910 51644 9095 59962 78658 95847 7225 97819
7499 13
84968 51896 26531 17602 31954 41222 37774 73227 32669 19177 9796 33465 42663
1314 19
63642 64889 39913 66611 52397 97131 24981 39692 20714 55018 3071 12496 29706 11205 38917 87717 89598 46120 52882
7720 13
89606 64259 97743 67382 45939 33788 69590 21466 50214 59323 29537 63612 61061
6957 15
41944 72670 69907 32686 23121 89883 94880 8280 35443 29776 97950 4446 93239 16211 51669
4236 18
18928 71976 48622 59741 5946 57619 87071 93326 87281 8116 8349 53937 19151 64831 18658 96879 82187 56437
9704 10
98748 86859 97986 59334 55951 60594 64171 82553 63779 81793
9670 10
53920 21950 11959 98041 32084 84402 35435 23702 31617 41790
370 17
94177 63098 12080 99380 66522 48966 18799 21353 32684 68900 4267 96575 29325 46210 72080 60985 32555
6433 10
10557 39715 5910 93327 5961 50867 95832 43014 96290 20039
291 17
19367 16082 84926 49231 17521 87329 66525 82558 88482 61914 12801 59547 7647 94275 47017 43043 9608
2434 18
65033 92955 87770 82765 93848 29508 73924 87879 32513 42422 66377 26434 88569 20481 33774 73658 43721 38988
3273 18
94197 4918 60627 24989 80902 28094 31972 79933 22159 37996 24692 19430 96535 17368 6615 9231 66934 26703
3993 15
47019 56292 58199 92861 21837 89549 63237 57768 4313 22861 80554 60365 50285 90129 43520
1905 15
34540 90579 69789 5214 42113 88002 33696 31564 6365 23928 31412 39096 31073 65062 94174
3893 15
52129 33949 31828 76882 39758 11207 86428 88665 20054 70032 37267 93732 5808 44986 2611
2901 19
21422 6452 19814 20707 25691 32616 55482 94766 67673 12040 88634 58807 13741 34002 32970 85111 16397 71126 55760
4627 10
56179 91070 43516 68943 24657 9367 38601 79127 24111 44423
2311 11
22566 27886 10987 81541 67509 89872 82642 51217 82794 89963 51853
3748 10
20543 10363 86443 33625 92891 82369 28994 76963 69861 46316
350 12
63551 16689 4757 28363 2565 10810 43238 77936 8204 39345 55647 34408
4202 11
16901 98454 73563 47403 43360 90404 64627 11355 73500 7594 67289
4479 11
4254 4310 68468 74966 26365 9484 84336 34338 27815 12242 45790
5226 10
52468 53523 81726 4140 75304 69939 4393 7428 76633 41608
1288 16
23362 34637 6248 48631 17535 58451 75480 45021 44331 76667 68253 96875 72681 31277 73343 65587
6772 13
95671 19919 86445 24112 75938 62509 23500 45113 88834 90050 95512 46842 68161
7875 10
1899 27527 66772 94447 42940 9257 19248 31130 57116 27280
1649 10
92600 60467 52036 76065 25245 23175 25266 80013 56437 51556
756 14
75752 2510 79558 64089 50042 20986 31448 79224 74822 8258 69229 80021 37007 17310
1476 17
47921 36162 67602 57158 72019 80283 96318 81097 86219 75901 67690 71712 97603 1961 97715 19419 62389
4228 11
24938 87690 27581 25269 27411 63588 12876 16674 65822 12057 23435
8968 14
60608 71536 81421 35884 21223 91342 33185 41061 68996 61449 36781 88607 4365 59174
6111 15
20841 5309 26269 94612 48983 59842 4504 55583 67722 40663 23883 82659 59598 6167 5908
9533 12
30722 59585 32398 83410 52812 79547 68251 25441 79705 14257 17248 28653
7667 13
39613 4956 25153 26569 6573 73264 77727 28346 19697 41155 87755 62098 27384
8534 13
84520 37898 93623 17498 84302 57696 80071 74239 86509 77373 33987 29668 88065
9315 10
13578 57019 96890 45363 66798 2485 915 6 85557 32713
7191 14
5609 45325 55252 33140 35312 19977 60405 86154 39828 84098 12118 20961 55622 97099
997 14
24588 66675 7654 16160 19900 83437 21592 588 54125 17065 76033 4179 67812 56307
6058 10
11413 48352 32647 60127 58942 38426 48289 59758 25449 44844
6679 17
65843 32194 80781 31872 78144 67448 27102 29223 65611 82681 47119 35817 83887 72151 36508 25368 55721
790 15
42479 79540 77850 85961 88242 16554 36840 8823 64172 59817 59283 98818 89749 36328 96321
9797 17
83705 4103 33849 32109 20576 21164 88882 51079 93826 45942 31216 91869 31556 52045 50621 94156 9823
3262 11
76096 16906 33764 30813 7047 52486 1965 85357 12097 6771 4360
5076 18
53659 5897 95265 84936 71239 31972 58890 75343 86919 88867 54394 6149 69382 91725 61896 10279 86242 4276
3552 16
43720 31819 89918 68779 4127 85967 42 12167 69434 15879 53591 77022 64890 46670 39157 58989
8198 16
26204 7524 51113 58483 66286 59495 88933 41823 79594 48942 20928 12267 3079 10738 96298 92622
278 10
57772 1083 83228 61678 96606 5397 27172 41878 21819 83388
6115 19
63877 83165 74708 46716 63246 1292 68866 8724 77082 28690 31377 25374 87223 30659 20120 15175 37543 61183 7852
2867 10
27941 39822 59948 57575 98640 22326 44376 76808 12572 56321
7321 20
3876 15661 28805 87815 14449 91030 65472 1842 73703 83185 96724 13290 62345 29943 5179 792 99333 82970 40097 46181
1109 10
29735 70282 78813 65141 25962 74628 83089 14698 61713 38329
2854 15
49002 85806 67260 6340 1986 88593 50157 94586 82910 41904 48426 66325 49956 65857 21531
6966 13
5047 31074 7993 38473 39549 94353 15390 19073 60597 16670 60828 910 90600
3094 11
62188 10417 96483 41836 91141 19811 94442 70804 72753 26457 4876
9489 14
45503 18137 69838 38547 19784 30649 91694 45883 92402 1669 4490 88497 29598 56940
9556 12
72347 12746 16916 28826 35349 2465 17421 18181 44549 68995 11845 52253
8661 11
50550 75847 58123 97226 33526 90480 87073 53263 43177 69662 90733
7621 10
83304 49166 74425 18660 33046 14524 3490 20930 31520 54070
1886 14
23337 32430 90527 69917 34381 99025 18501 24943 27423 56011 77196 19375 76267 16148
3153 14
44700 19664 12453 25904 86269 87964 27340 97369 18887 62841 69678 22500 98432 29753
8649 13
33636 62417 61716 68823 26555 89832 30396 89830 25295 94712 81110 53719 45589
277 14
34354 6961 79628 83791 63745 62924 77996 19971 76251 5430 41221 74597 73690 35741
900 13
12626 78120 36559 90562 47301 2641 39799 1467 35797 31663 35578 27991 66360
7521 12
42962 47378 73849 71209 23072 2692 21305 53724 35569 99291 16318 64652
8627 10
84995 77183 76297 95981 34080 21376 43791 81282 23440 61147
2101 11
5001 29310 8453 80651 20098 86929 3346 44590 97253 41469 44210
7168 11
35693 76146 36602 33760 8315 32745 16205 29546 27912 10114 3503
1286 10
13734 42207 95531 7345 96233 50196 1507 69011 42370 47537
3970 14
1978 74394 58686 81727 88203 84154 55513 2949 90280 55053 80384 32750 37441 3427
5528 11
23374 4361 7104 17918 98063 456 45951 99508 33184 75978 67440
8869 14
50700 62772 27848 25250 9550 52124 53509 38328 82758 61039 49369 87161 13964 36087
4518 13
2404 81118 20916 86071 62287 13817 36700 835 58567 72114 678 11641 18902
9833 11
74638 74124 14706 60218 13060 63306 4580 29207 69354 33929 42595
9906 14
23455 11028 28601 484 51599 77875 10290 94805 45726 80751 42280 21823 59724 39590
9233 10
39568 47720 70581 46174 73664 57882 25076 87526 15703 96202
1533 12
75930 86906 28961 48497 704 39028 58829 7331 21579 59692 34357 20335
9916 15
75779 19396 95010 88744 1394 89381 80348 58820 1929 93644 92092 22530 77432 86729 96141
5037 10
50488 98209 33357 94088 85819 57049 21942 51738 14221 76941
601 11
35850 55818 94757 67317 26911 71690 77085 5774 89734 41848 63440
5882 14
38161 55926 80627 67162 73553 13719 8913 65833 13867 65809 28115 3217 32859 95304
4892 14
11386 41906 67902 67747 84002 27342 91660 53588 42322 99600 92278 62575 23298 50779
1978 13
39689 25345 65957 38207 98454 26571 46371 98923 92074 89758 76064 37793 14277
6349 16
92433 96766 26165 26396 82010 96477 26540 26147 78121 21212 63767 4120 84043 93970 34113 17469
1423 11
54274 76883 6473 94907 69115 23812 78448 20777 15777 11345 97048
3883 15
81808 44369 73083 97903 33589 48709 52270 51928 42944 24416 73176 45299 99574 60726 22713
8034 12
6014 52773 90106 66425 7014 69871 54881 17025 31187 64169 33846 33202
6752 10
79282 79713 10413 4730 75042 9358 30365 2912 39855 1898
460 18
35151 11626 54199 47652 41502 51338 56133 63170 17791 19903 11171 8744 43659 49664 4201 44277 24771 63410
7246 12
20425 85448 83080 93245 4579 78303 95109 48456 59031 56431 69391 60289
8532 10
59259 39142 55864 64331 18933 25988 82118 11086 61075 66134
2973 18
34945 69762 98433 33853 14497 14362 37616 34494 48717 25017 78862 12163 33642 99807 18578 27393 61101 75883
1009 15
27399 59609 9205 59001 34559 765 50308 90991 64644 80790 61557 34117 80321 63769 84566
2095 11
94527 78440 55316 93592 70536 51042 11457 68056 91447 87800 42494
8177 19
86465 62193 37076 27778 18057 61129 12332 45970 34772 72882 12082 15824 87722 47292 19949 68303 41349 30779 42461
2453 13
85373 57985 60801 14007 28070 60994 38314 24685 3961 90580 48951 74740 59745
2238 11
29958 27 89184 59591 47141 21263 27339 451 15368 97933 8714
2738 10
60345 90672 99070 51020 79375 85669 11467 29926 80013 87867
3201 11
14868 30259 54824 62462 54403 99450 51060 89925 8566 69498 86729
1857 10
72458 99715 61087 76523 88860 62066 89870 46274 69824 38197
2097 17
71974 13950 4479 36914 56512 59220 12344 99396 58614 95184 70408 55915 30639 19472 72902 35119 84576
3997 15
17696 58924 95705 19091 61833 51323 59100 91338 77846 52007 96706 5721 80548 6561 27923
1871 11
15160 24018 33509 70353 60329 30474 31855 42407 99695 27016 15009
9690 16
60854 48949 94216 15164 17470 19229 66744 10756 40529 23399 13666 17109 51648 29734 58195 25120
1437 12
35536 87447 1654 64177 90001 5550 64650 87019 55664 10742 12426 97919
5193 15
57071 69331 45002 31968 60938 74255 32326 84756 55715 28848 89721 78377 21798 78706 36532
6171 13
55923 12838 59282 81629 40348 19572 89951 23552 32279 19162 8159 65504 28695
7551 11
15219 73229 33309 88610 52678 75567 17692 17253 87640 19026 22318
9124 19
32653 44053 62522 92274 20981 15298 21421 68026 43429 94572 12780 12191 92903 40886 79060 15162 60377 72526 17411
8149 10
16863 79950 87508 71560 59349 39297 11281 46288 42728 88199
5031 12
12711 36277 3298 81134 57342 3196 45521 33121 48953 50145 53329 70995
1430 17
52734 2531 86408 7339 7282 53609 41002 15871 68892 37841 18858 65702 26965 65737 222 89197 77859
