37
841 3
97336 53547 18412
435 22
58609 81036 84965 3191 31747 37475 56133 87514 468 11718 40494 34241 48405 79112 21866 97688 35239 95274 95703 34335 46239 32522
682 7
62803 36725 2095 99911 37421 71748 64141
856 16
93699 18910 28726 24378 44849 28413 20892 62884 9664 11792 45789 57723 76147 35138 48369 10159
936 11
6219 30600 91792 31663 61472 35974 73598 43530 89443 16142 30618
134 50
52238 42793 68066 44414 21592 20875 4582 17550 35696 87678 82963 8785 18505 81371 11695 45173 76728 12624 78823 67477 29505 13923 37592 19265 5390 76831 62313 35305 44789 70172 78647 24726 20376 92056 15232 73713 85188 85402 38058 85363 55454 63228 38969 72308 76517 49648 77437 61721 95182 78118
588 50
29589 36240 37294 10086 88308 47708 91957 71343 47440 53877 60707 80793 11411 66494 99848 77507 76444 31323 50854 38071 36824 15929 86762 97961 38056 58798 27567 93611 77046 87369 46836 57734 41502 11572 17984 28957 84651 9288 33136 63359 71549 10650 9531 72896 26841 18063 46016 86584 17785 16113
565 27
47926 18298 59448 21867 99859 28502 2500 11011 81791 73215 49006 96649 46138 23335 11480 9327 7647 55720 82707 17779 54181 44973 86886 15498 77673 34974 68289
81 13
61114 2707 37652 79916 4736 30539 24063 31106 53156 79511 18456 86279 9268
194 181
95528 8272 12677 67548 20704 71582 65303 62221 72556 42341 14880 71146 47535 62520 58082 8056 41568 7435 71147 2556 84482 72491 29433 48460 45009 37396 24149 48548 98197 48585 80396 33138 98976 18322 22545 19902 36406 58790 82747 90333 80061 99280 82076 9110 86795 40761 82563 23484 7223 36453 14375 25387 12369 14632 48122 26389 67615 96243 36252 94256 70334 81118 8205 94355 70345 49035 30038 33529 46450 56196 17653 94710 23385 76162 13850 96542 97777 90947 42569 22361 35196 95017 79529 87197 35556 31622 79659 29187 19118 14555 10434 68367 2674 88459 96580 85208 52501 81999 97772 44410 30869 11493 95197 94398 11987 97463 80306 18358 99487 29159 67836 79422 12457 74378 73611 79124 28338 26549 81821 92804 62065 71082 88649 89003 63892 79148 20098 30197 77 65655 45040 87659 93550 18257 20705 87617 88776 5119 38649 49865 52578 76349 51632 88539 88406 82766 60893 94504 13542 80137 87535 72102 85498 41337 59332 10907 4975 39216 81349 1465 35740 59238 46384 49989 59174 79629 85386 95228 73719 93501 17578 59780 26369 35376 70621 50045 17215 79786 45240 71029 88443
540 128
6157 22813 21461 6493 34567 28228 47601 8783 44435 36376 68669 15464 81155 2570 95657 89303 79723 31155 30414 54201 62284 45127 37846 22073 35929 58795 37104 46151 81230 63813 74992 89114 86064 95283 86191 4506 20113 31451 27677 23996 61842 66402 45631 11756 94264 86466 80257 77756 97338 8461 97571 16945 45087 33185 11362 76150 51964 15422 24954 22301 73806 35575 16242 88112 47483 11824 2004 25449 1445 29554 56875 40780 50615 78455 63889 6154 98617 69174 33688 75451 30587 52485 22405 64283 34211 94744 25217 51148 3253 51427 41026 11478 20540 85704 20739 66750 45040 57881 43732 3973 59134 15401 17511 85970 73606 40386 25356 10106 22070 33450 73696 66352 48360 54147 63632 14875 35513 42709 10657 32783 41091 6955 10017 66906 68399 55331 29741 93470
123 151
79135 9478 20286 40089 7262 3893 51889 57837 63836 49758 14636 15699 77419 72849 66215 82197 11730 28296 29148 77107 87979 77688 56477 75929 34709 86223 4663 49605 22052 80618 12345 56868 45557 77824 11155 42485 3337 39560 89083 61203 43807 62214 62999 64614 88507 93968 69561 53594 49462 33540 28529 72567 6582 90090 72359 82691 2522 96181 35402 6794 26826 57206 51800 37627 41532 97562 65073 89931 79752 83919 587 45958 81002 31772 23976 37865 77982 46625 85157 19977 14084 62027 85368 30354 52644 53740 30246 16795 6073 50451 19984 37622 28181 11720 825 30193 21333 5303 94686 96841 22873 59128 467 14668 47320 49571 84165 60934 334 92263 7319 80310 71397 12879 79338 8153 56826 94926 67534 30298 44878 20535 19149 27320 94906 13215 45350 58568 77980 19303 80553 86240 3226 727 75275 78913 25168 89212 16982 913 36913 94718 11159 87472 82134 41628 53449 13645 99703 91607 86468
739 342
25835 1395 56833 36613 10948 37500 39092 7999 23172 44729 52401 3189 27445 2287 17254 51319 8037 99422 37424 19746 97668 30318 98371 15976 55507 15590 63676 92157 1364 37563 94460 34455 88888 10092 27828 71369 36488 55332 22867 68471 59133 1643 66693 55150 64199 27978 85364 70858 91577 64761 8039 83318 73464 35678 3340 89751 88650 24307 96619 38195 87638 97121 3301 60650 72924 57016 6926 98727 25197 13266 30617 43926 87946 207 58443 35541 52597 36003 64520 95026 48338 709 37513 83057 35470 63951 59753 10814 62237 78410 2329 97103 23603 59287 61843 69040 18804 16963 46226 96332 83600 76221 81190 55392 3978 74798 10055 35600 48427 35112 88922 2661 72958 48976 47928 10257 23891 4159 26272 87269 26406 9856 81539 42337 24714 69461 80287 22510 63225 93106 7970 78511 55843 88286 52943 20864 40009 43267 90544 58942 54169 25324 80581 37443 39680 98763 85222 37749 27466 11786 6596 12072 49445 34677 77760 93504 47020 39380 88623 97885 3613 95107 32907 94703 93665 59495 46131 63653 16951 77049 10328 85702 82002 90261 57400 6363 13034 5956 25278 65654 38004 58151 72214 56401 57525 86419 62008 9753 639 26048 96663 82788 61746 53056 13859 94486 5399 91250 39248 61638 59958 13158 78013 20174 43752 89001 22859 18957 75654 95629 68334 80488 78826 9410 10728 24216 64696 19704 21606 22390 6331 12423 89215 11738 48173 56692 1480 76180 82240 2743 50362 17372 80626 4205 49807 83478 32484 78289 26649 50457 50950 65477 16889 26912 40999 88333 49078 81224 98210 9698 50912 20084 20832 13879 92012 7706 7175 36821 39832 84409 52978 41084 72673 25675 46297 18316 82968 97206 61902 40333 7553 10524 80757 34094 61896 4083 57453 75316 80406 25654 94899 84031 83939 19832 58222 45821 55534 54583 21846 47988 95999 44814 26364 32044 10818 55453 77411 93748 9941 24332 75567 88289 38999 27231 91503 77208 75143 24046 4611 39127 82274 22548 37666 75295 59284 66743 41844 56504 18657 24796 98718 6561 78445 14463 52727 22887 59569 75966 50399 81839 84198 63732 30660 42448 50252 50920 84929 64055 47238 70777 34291 663
275 21
44687 56099 19197 87440 5874 89075 80390 13727 34654 78046 15809 28202 24185 37622 62421 90778 68837 58119 65345 56813 38324
660 265
57527 27680 23843 17959 45869 11007 64449 60863 92757 46760 90572 52677 66533 75524 19416 39064 77113 8790 23186 95505 91833 2611 44324 65069 24140 57041 11667 83908 35632 63336 21902 48066 64700 99614 49995 59643 1680 81603 55200 17821 9258 53585 13591 76424 81195 8965 17008 36082 31741 64031 9582 99280 37341 70321 18104 76410 46543 38462 74342 86826 69614 6061 13462 72472 66257 98992 32328 61766 61304 20648 20728 62762 54992 27228 47526 6710 65059 1408 21922 84917 92748 18463 68644 20052 33570 70041 46083 56975 29375 25699 2655 22461 97655 7052 83530 7166 7274 97929 11390 8502 93833 32305 8062 53200 57968 24396 43065 76415 55969 95808 6560 49529 40912 89623 23854 2900 65091 95240 38397 13930 1883 41775 75240 25171 64787 85190 54339 51807 28664 7853 77471 41250 52881 30072 38137 79366 64556 76770 8566 91693 19453 95787 97060 62028 6368 87826 18132 69175 39379 29734 91347 62741 16311 27379 68983 10496 83042 46402 58099 25537 17668 22856 54817 47683 44620 51253 64776 15014 20640 21328 83812 71550 37598 88513 24702 6013 79236 46406 12736 81467 5731 52181 22591 49463 34829 86258 31848 5949 79424 3787 58916 55204 26602 3878 41429 42917 96817 23361 88918 77299 28471 55935 52721 26642 4915 41756 28938 46528 7892 83334 91048 23941 31475 46170 59557 45053 62198 53902 16688 47611 83554 61987 12556 59023 40928 81642 25015 25547 9812 95007 67735 71461 14393 35209 61913 38869 78356 50647 17975 32179 83028 62830 71982 22387 76286 72149 9792 8512 32974 75537 83345 36266 87317 1026 55576 71938 44662 86889 17118 69478 91162 44236 33117 82960 91544
812 93
86564 97696 28793 271 14608 7064 69934 38487 52983 65760 76939 37797 59416 70523 96502 59543 60447 3099 56077 24056 23702 67085 86997 10601 11454 87116 3492 23527 35811 79104 72661 5065 8233 6869 34058 54219 77472 23537 7551 95070 13090 93437 90413 19341 33499 50820 73334 45067 25823 46094 40723 78981 29878 46004 20761 93607 88352 66651 26934 23626 74036 12092 46656 26959 45150 53600 35688 11308 59608 64687 40696 32067 9231 15026 58683 95270 85377 79267 61881 5322 1947 57985 37293 21396 8397 16356 2826 59518 17186 44236 74416 12032 74832
471 14
3483 15816 14167 12704 51538 81107 32118 73200 6961 35339 73414 18841 90830 99955
433 123
45118 73949 11379 53158 80676 85678 88512 51658 99091 9165 76589 29539 40647 47145 82078 61648 33074 58152 45235 29803 68693 7702 38401 10614 76827 8825 3709 20419 39736 29428 57531 94437 92774 39441 79045 21625 51260 598 52771 66281 83248 40911 56460 88595 60452 57866 1722 70647 38008 38477 26406 95935 24400 85821 27688 79673 88187 81817 35802 66891 47848 6479 2118 8177 56401 93759 87234 35534 93953 93033 68521 71330 13105 49063 96784 38556 45185 89842 84091 69335 73600 33297 28492 77330 53783 43368 99160 31405 2623 69296 28905 60017 31617 8787 36975 18793 36823 79812 1691 88358 23992 52818 10970 55447 83357 4364 42935 92726 11563 21855 68934 77875 4585 96814 33127 32180 99496 59681 60719 62888 86007 34333 34759
164 93
52394 14377 90995 83016 10793 45216 55043 87950 20680 11872 99120 62472 44039 59214 89894 16718 80699 74345 85600 74503 45852 98865 39244 36024 73356 90082 52812 1906 74857 73205 38146 39592 20399 69450 10995 49799 59629 32816 1506 69476 65930 27259 30742 94566 8446 21161 61218 92975 83720 30927 76796 38473 31167 6467 47913 6369 41098 45840 77632 42422 82682 73778 82711 92517 18659 22960 53156 40814 61295 25021 6040 85835 50497 25033 81108 38966 97644 34998 55624 87553 57117 32861 92346 2534 16900 93768 30470 98887 89018 53979 7195 85891 57211
596 65
52638 74817 80962 35136 89356 75515 97574 76826 47932 13884 68811 99397 58152 30127 9742 6524 922 9293 85488 61464 97120 26337 8931 9475 11745 98311 53173 4840 93595 88866 17168 76039 66963 57568 36939 4185 11316 5799 2603 40710 6405 3642 34819 28070 86205 52538 50466 86514 39959 17271 79139 65376 14855 44685 88701 90848 30222 64904 5131 66066 94802 7449 33929 8985 73796
805 58
73877 69112 96414 63402 24266 55812 18717 97764 61319 56788 35210 75594 14889 98339 43353 94614 2539 22175 75610 68007 31469 57474 8638 92111 36485 53185 95124 28835 19381 6257 50354 51909 92917 75580 10663 3464 77746 59694 7012 15918 78495 3255 41458 43044 46110 82867 68978 54190 5198 64854 26594 23450 5154 1520 42839 10100 76057 77082
791 40
39332 31224 71836 79564 62081 98023 19448 38611 17613 20946 36453 86134 43751 27655 5998 24153 88572 38411 69705 4229 80983 63810 42142 77432 8196 44175 9281 58315 86816 39630 5876 66331 16911 73211 19992 3080 50407 9910 19799 82971
629 25
86651 56522 72254 58470 7430 76198 42790 49760 85930 44767 15381 33843 40469 6335 49084 44432 78674 4119 44720 59031 94070 40806 32770 61500 23563
107 120
86371 62943 1741 66927 99918 40332 70381 7064 22901 61128 78069 52994 67581 17795 10096 41224 49352 80336 92248 56741 72290 81580 48384 59265 48497 53538 8858 29062 14331 13826 21199 65012 23629 46303 62450 35483 68898 33724 13651 33168 15270 68671 65328 56796 16656 70292 30203 57466 92432 5307 54198 66737 37403 14203 28835 16705 23318 29137 58469 50593 34442 79545 90528 45676 96596 29298 48255 1871 20219 41637 38363 50515 51383 29704 9261 91842 34808 72006 43676 2791 4675 22178 27076 91031 80965 63055 77957 74032 11245 98831 62666 4669 71760 34890 71292 25206 37648 68883 2020 70978 15634 81375 55439 7246 68127 76621 52990 20512 32023 50512 28215 40976 64206 24459 71236 3599 73643 37700 63239 2411
631 48
68008 57136 21711 95566 92533 94442 77646 72302 69497 76176 83709 88014 78756 86879 81900 64098 4548 80970 81559 19365 89631 94142 70531 12176 81832 8211 84174 77002 96948 63019 49673 82682 82230 57366 84651 73583 6222 96674 25021 77918 16424 63830 6831 76210 77835 1653 8993 85257
97 200
97677 72788 60585 99178 65232 84413 99888 99832 63122 76971 78154 13459 43895 58254 3040 60950 8899 88489 70036 12436 41665 26172 70922 38644 19654 70001 39323 46561 82916 32639 91789 17160 56788 60852 89715 29713 27827 16211 87206 94389 96651 27930 25016 55767 47508 26360 63899 41356 23066 80376 45499 10495 70568 78272 59561 55984 85645 18066 77153 9485 97891 54021 90282 21169 4824 3707 89048 53162 30566 55366 20930 84672 70634 58086 57026 63984 95765 23154 31684 35936 71797 14031 88794 98589 6779 41580 53755 54294 49853 93215 92555 34438 17869 44463 59842 18053 4178 92915 83397 98553 23820 42013 29021 21729 45026 62375 59247 87621 29637 96787 38097 85132 12495 52499 83030 42438 25884 51579 24584 98704 47306 617 12285 40149 25806 62684 76934 80850 83107 49537 18242 38735 8851 96704 15828 94501 74250 94258 66527 68305 51188 48502 11033 46656 49286 97450 81214 60673 58016 92376 64982 74792 49089 52207 67519 79910 67800 69215 23106 72170 76076 61571 84678 2031 78559 96972 16496 14155 69812 89191 40033 90933 61398 84621 62643 54134 64937 32649 84021 44267 27579 96134 99427 30223 84782 12429 91215 72507 45619 518 16492 18970 79650 9074 49913 23110 34291 53735 76532 54677
332 103
94639 62457 28574 13503 56522 83800 88468 62760 70580 76924 55456 5526 51117 80930 12165 80396 90258 15741 44291 49041 5233 48973 26489 43795 21089 66448 40702 52583 69561 94685 96777 80024 68799 35473 15925 68007 96887 48401 23170 16423 17375 81447 40205 24360 62033 70013 99260 37187 63409 54767 67038 41658 71646 35021 27381 39805 60593 77116 98779 85279 16728 40155 17193 52499 93117 78922 8838 83363 76291 7891 18461 22443 52611 6371 96040 96378 68766 19625 8874 52625 71191 71492 54355 17885 57322 37060 99086 77534 4661 52830 77638 29988 27059 15869 84988 52982 31542 21778 211 29301 89290 53012 97781
521 126
49027 43172 47432 59217 59564 86507 7764 74063 11532 36317 95183 47077 39814 69739 96291 17849 90054 9889 1095 57559 16257 13562 43241 12342 91182 96975 30111 29432 47254 51105 44882 35098 48200 4034 10684 83450 99782 23872 38941 50156 73528 56463 65002 40387 96053 69490 78054 8987 34995 39599 22811 58762 61647 26917 85838 61510 27239 12568 48136 84400 86142 78576 84248 4150 21885 94099 10700 38137 36308 48472 35252 26393 67141 14073 76447 99715 36225 40530 72913 78223 13809 87491 39031 88697 83634 32214 39740 83091 62611 885 57060 27402 16780 47660 52410 7327 5191 38859 53139 69496 53135 69992 5260 8876 61723 29185 63310 33005 43907 77984 68126 60385 80128 58186 91283 42596 75297 24920 45005 56887 9094 43931 61159 70537 49521 77235
363 134
23387 15755 2750 35279 65152 94750 27660 78226 54208 90133 31217 2980 46219 3636 45725 71069 67964 60641 45637 1784 49060 23193 51667 17309 21779 24528 39885 81541 39705 13953 59067 86880 15506 33626 12770 67402 53473 70850 41534 25770 61238 15580 17473 9633 31083 51339 53382 77355 48089 78517 34827 90312 24335 13450 51432 89009 2934 76238 76001 95852 19755 84992 54185 57376 87161 19408 3613 15544 54388 64665 77506 17020 62084 13491 26877 45049 53808 77354 77596 27939 70172 18523 30020 27627 75793 61106 54446 80865 42003 14527 66558 70614 91923 61357 19425 63056 2623 30507 52479 38765 42686 57746 29231 41059 44239 23687 35730 31149 66829 93158 29429 12033 61885 37277 38980 87002 76978 20429 92689 83732 14585 12508 68745 57294 60879 23814 36144 19991 22659 81818 5386 64881 12421 72936
240 49
32766 17107 49341 81640 12756 95086 95100 82853 64204 76815 82438 29776 46602 61090 70712 85045 80339 2419 81284 3016 45898 74599 68754 81599 79391 32063 30099 25765 45532 16388 42895 50918 80586 69792 38 64796 41429 54181 37051 34706 23415 39623 31968 49166 44124 10920 95437 80391 77804
207 173
39542 44055 28842 89455 35185 41180 26391 30340 52135 48909 98293 40807 6900 18876 65817 29173 91751 70139 55551 41615 23607 50195 48647 63317 56465 86412 4642 64039 35113 80709 89006 52622 58620 24588 84448 81966 58596 78827 73617 97647 27310 74602 35964 99786 67412 89918 4353 3031 6826 96567 31254 36767 173 22237 60825 24399 35415 34109 3648 9027 88820 67670 56973 32854 75147 87715 33568 76487 32265 29811 60681 28112 5628 97214 86743 86257 97035 71914 26449 88690 92534 34904 10935 67062 28409 28711 57093 23328 48058 83807 71547 89639 4313 43714 93231 89347 94398 83550 22474 94776 514 64985 81641 55358 85545 42885 48420 83145 60656 34876 33705 26394 5166 54288 48680 99318 73686 3488 94503 37693 36073 26706 51321 48017 66171 86580 18541 71472 25401 74692 93646 53797 93904 61350 66617 22235 48448 96388 80119 25133 68303 79440 13871 68009 43180 40184 37557 74583 63758 63635 23739 27308 8652 30223 39073 65116 80711 56539 23986 82756 83735 38187 52966 53662 79284 77378 52348 80423 86960 95622 82960 39568 13126
144 2
2159 86252
324 47
51683 72161 53781 75247 54937 45441 99114 11366 63286 22759 39300 22689 90407 94690 62885 25098 24718 95412 79909 57379 97225 34252 94989 38639 91174 93169 61922 62838 68316 5045 3934 40845 18130 68041 20654 68892 449 22753 99464 16758 10343 66241 61288 14372 36221 48600 13173
190 160
45506 73490 12202 18626 2325 79605 12734 42214 18182 94073 22819 57391 94527 53065 76560 75790 75996 51613 80011 59777 15702 47721 62711 30046 93996 62549 22536 98850 33056 20211 58501 293 44044 33883 6039 53061 38301 95895 63507 94437 57738 11026 43758 80941 3192 68279 30199 10271 91254 69288 28138 81811 72874 41675 94551 28295 69791 51156 69878 66977 58594 60065 52807 69060 72077 98064 47563 30831 57867 93498 54207 65230 74351 93755 6088 69507 33702 89737 95881 79299 72461 77478 35820 70318 1295 17330 36879 21155 77415 92350 36985 66289 4295 57896 77687 22532 21093 56310 94091 49063 35955 49849 77826 85621 24211 99154 55694 66084 68011 11358 26732 82711 66658 75928 3055 23969 8540 76387 92289 12414 94885 81735 8648 56159 7319 17454 55876 2013 19199 4118 4183 70553 49026 92105 65142 36184 69313 91546 47664 28993 82178 72273 47060 94211 58946 22359 67110 6220 51312 26514 29397 98682 51688 58808 27598 62136 74411 18064 45687 35812
280 104
52301 37952 48528 76749 70381 99038 32191 16065 60122 98340 47430 11408 59659 44376 60280 99251 51370 17923 14239 46180 30186 63875 24151 94681 21433 25136 41818 15244 77195 75658 85843 63480 73000 13633 92207 72661 70904 5733 47925 77586 83870 91806 23803 38343 10071 3287 45399 56963 145 33499 46259 47368 99386 30969 23516 50577 34065 37129 95643 8979 83487 49582 80039 41076 24470 90561 91104 92240 35560 4996 70586 89985 83122 17854 50779 25297 6644 7632 94203 96037 78309 93626 12721 58724 91412 97258 33347 89251 8517 36664 22949 55261 29497 63937 2481 34424 26910 19042 82780 58615 3944 70939 31447 5100
138 162
26329 38866 34269 19849 68293 92334 61759 44548 71671 38361 61317 66376 44847 29582 80968 68865 74869 79810 3622 63644 48770 57243 51220 40586 26699 83502 14650 460 90576 73335 16282 57263 83621 93584 30241 31599 94978 61762 94293 78627 70417 73394 61952 42081 98344 96956 3225 68378 87706 72418 47253 71610 97369 36767 84978 56891 50644 53327 12730 34141 34528 649 73383 29 70757 87889 91920 47598 46266 14994 85382 41441 74170 7194 81593 62330 54733 88816 62150 40258 83979 98229 23726 60157 79690 53589 50354 84116 41250 69104 78475 77982 18661 83333 67636 96787 63889 15597 35411 17039 98956 2546 93135 84721 44958 99061 46822 37472 38735 10175 10752 64821 22848 41469 48848 55530 29738 17844 81275 59473 12914 81338 21741 87017 59632 40277 68115 13746 10510 17997 77553 18441 54286 73307 85311 60126 48897 49897 21565 82966 48966 83787 3439 91448 53219 5154 89901 54383 75387 55974 72587 74394 26091 95681 32723 92256 54300 43957 45785 98873 10273 68289
229 62
12999 5137 22464 69760 44389 87251 77876 28603 67557 40097 33293 68085 24547 27692 653 22804 86174 98280 39527 41462 7015 71766 86209 79218 7623 25420 73400 71629 10493 92697 95559 97573 5418 22741 76789 84369 74324 33106 79450 11889 3374 25243 74557 37695 16168 41107 59260 14956 18430 21182 52474 39812 26065 44165 31542 95226 25960 36860 72696 60509 19991 37819
